<?xml version="1.0" encoding="UTF-8"?>
<!-- Generated by org.testng.reporters.JUnitXMLReporter -->
<testsuite ignored="0" hostname="DESKTOP-GLKVRGN" failures="0" tests="3" name="Default test" time="29.416" errors="0" timestamp="2024-06-23T13:01:31 IST">
  <testcase classname="assiegnmentWorks.DataProviderWork" name="details" time="0.906"/>
  <testcase classname="assiegnmentWorks.DataProviderWork" name="details" time="1.163"/>
  <testcase classname="assiegnmentWorks.DataProviderWork" name="details" time="1.203"/>
</testsuite> <!-- Default test -->
