<?xml version="1.0" encoding="UTF-8"?>
<!-- Generated by org.testng.reporters.JUnitXMLReporter -->
<testsuite ignored="1" hostname="DESKTOP-GLKVRGN" failures="0" tests="5" name="sampletest" time="30.952" errors="0" timestamp="2024-06-24T08:03:57 IST">
  <testcase classname="basics.RadiobuttonTestng" name="verifyShowSelectedButtonisEnabled" time="0.234"/>
  <testcase classname="basics.TableExample" name="verifyTableHeader" time="0.344"/>
  <testcase classname="basics.TableExample" name="tableBodyPrint" time="0.201"/>
  <testcase classname="basics.TableExample" name="printTableHeader" time="0.467"/>
  <testcase classname="basics.TableExample" name="printNames" time="0.482"/>
  <testcase classname="basics.RadiobuttonTestng" name="verifyMaleRadioButtonisEnabled" time="0.0">
    <ignored/>
  </testcase> <!-- verifyMaleRadioButtonisEnabled -->
</testsuite> <!-- sampletest -->
