<?xml version="1.0" encoding="UTF-8"?>
<!-- Generated by org.testng.reporters.JUnitXMLReporter -->
<testsuite ignored="0" hostname="DESKTOP-GLKVRGN" failures="1" tests="6" name="smoketest" time="36.85" errors="0" timestamp="2024-06-24T08:04:34 IST">
  <testcase classname="basics.LaunchBrowser" name="verifyTitle" time="0.106">
    <failure type="java.lang.AssertionError" message="expected [reshmaObsqura Testing] but found [Obsqura Testing]">
      <![CDATA[java.lang.AssertionError: expected [reshmaObsqura Testing] but found [Obsqura Testing]
at basics.LaunchBrowser.verifyTitle(LaunchBrowser.java:32)
at java.base/java.util.concurrent.ThreadPoolExecutor.runWorker(ThreadPoolExecutor.java:1136)
at java.base/java.util.concurrent.ThreadPoolExecutor$Worker.run(ThreadPoolExecutor.java:635)
at java.base/java.lang.Thread.run(Thread.java:840)
... Removed 18 stack frames]]>
    </failure>
  </testcase> <!-- verifyTitle -->
  <testcase classname="basics.LaunchBrowser" name="verifyShowMessage" time="0.207"/>
  <testcase classname="basics.LaunchBrowser" name="verifyWhetherShowMessageButtonEnabled" time="0.222"/>
  <testcase classname="basics.AssertionExample" name="verifyJqueyHeader" time="0.229"/>
  <testcase classname="basics.LaunchBrowser" name="verifyWhetherShowMessageButtonEnabled" time="0.02"/>
  <testcase classname="basics.LaunchBrowser" name="verifyWhetherShowMessageButtonEnabled" time="0.103"/>
</testsuite> <!-- smoketest -->
